[
  {
    "url": "https://www.olx.kz/d/obyavlenie/arenda-moped-prokat-skuter-IDoU7uT.html",
    "title": "Аренда мопед  прокат  скутер",
    "_collectTitle": false,
    "locationDate": "Алматы, Ауэзовский район - 10 июня 2024 г.",
    "_collectLocationDate": false,
    "_collectPrice": false
  },
  {
    "url": "https://www.olx.kz/d/obyavlenie/belye-tufli-na-bolshom-kabluke-IDp4CAt.html",
    "title": "белые туфли на большом каблуке.",
    "_collectTitle": false,
    "price": "15 000 тг..css-1vxklie{color:#7F9799;font-size:12px;line-height:16px;font-weight:100;display:block;width:100%;text-align:right;}Договорная",
    "_collectPrice": false,
    "_collectLocationDate": false,
    "locationDate": "Жолбарыса Калшораева - 12 июня 2024 г."
  },
  {
    "url": "https://www.olx.kz/d/obyavlenie/krovlya-iz-pvh-membrany-IDoXKG9.html",
    "title": "Кровля из ПВХ мембраны",
    "_collectTitle": false,
    "locationDate": "Караганда, Казыбекбийский район - 11 июня 2024 г.",
    "_collectLocationDate": false,
    "_collectPrice": false
  },
  {
    "url": "https://www.olx.kz/d/obyavlenie/ob-n-a-lichk-a-ka-s-pi-re-d-IDp4RP5.html",
    "title": "О§б&н\"а&&Ли(ч)к/а К:а\"с|п[и. Р:е.д!.",
    "_collectTitle": false,
    "locationDate": "Астана, Есильский район - Сегодня в 11:48",
    "_collectLocationDate": false,
    "_collectPrice": false
  },
  {
    "url": "https://www.olx.kz/d/obyavlenie/ofisnye-stoly-bolshie-IDp4RNY.html",
    "title": "Офисные столы большие",
    "_collectTitle": false,
    "price": "25 000 тг.",
    "_collectPrice": false,
    "_collectLocationDate": false,
    "locationDate": "Алматы, Медеуский район - Сегодня в 11:47"
  },
  {
    "url": "https://www.olx.kz/d/obyavlenie/ob-n-a-lichk-a-ka-s-pi-14-ras-srochka-r-ed-IDp4ROz.html",
    "title": "О§б&н\"а&\"Ли(ч)к/а К:а\"с|п[и.14 Р₽ас\"ср*оч^ка Р&е*д",
    "_collectTitle": false,
    "locationDate": "Алматы, Алмалинский район - Сегодня в 11:47",
    "_collectLocationDate": false,
    "_collectPrice": false
  },
  {
    "url": "https://www.olx.kz/d/obyavlenie/po-chasam-po-sutochno-1-komnatnaya-IDoNre9.html",
    "title": "По часам, по суточно 1 комнатная",
    "_collectTitle": false,
    "price": "8 000 тг.",
    "_collectPrice": false,
    "_collectLocationDate": false,
    "locationDate": "Темиртау - Сегодня в 11:47"
  },
  {
    "url": "https://www.olx.kz/d/obyavlenie/oppo-a74-128-gb-lot-331417astana-zhenis-24-IDoNcPQ.html",
    "title": "Oppo A74/128 Gb лот 331417(Астана, Женис 24)",
    "_collectTitle": false,
    "price": "33 000 тг.",
    "_collectPrice": false,
    "_collectLocationDate": false,
    "locationDate": "Астана, Сарыаркинский район - Сегодня в 11:47"
  },
  {
    "url": "https://www.olx.kz/d/obyavlenie/samsung-galaxy-watch-4-classic-46mm-astana-zhenis-24-lot-327897-IDoMUpv.html",
    "title": "Samsung Galaxy Watch 4 Classic 46mm (Астана,Женис 24) лот №327897",
    "_collectTitle": false,
    "price": "35 000 тг.",
    "_collectPrice": false,
    "_collectLocationDate": false,
    "locationDate": "Астана, Байконурский  - Сегодня в 11:47"
  },
  {
    "url": "https://www.olx.kz/d/obyavlenie/prodam-truby-bu-250-t-za-kg-IDos20G.html",
    "title": "Продам трубы бу 250 т за кг",
    "_collectTitle": false,
    "price": "250 тг.Договорная",
    "_collectPrice": false,
    "_collectLocationDate": false,
    "locationDate": "Мичуринское - Сегодня в 11:47"
  },
  {
    "url": "https://www.olx.kz/d/obyavlenie/novyy-tufli-36r-baasy-5000tg-IDo9Ngg.html",
    "title": "новый туфли 36р. бағасы - 5000тг",
    "_collectTitle": false,
    "price": "5 000 тг.",
    "_collectPrice": false,
    "_collectLocationDate": false,
    "locationDate": "Сарыкамыс - Сегодня в 11:47"
  },
  {
    "url": "https://www.olx.kz/d/obyavlenie/dezo-povyazka-b-u-52-razmer-IDoZhA0.html",
    "title": "Дезо повязка б/у 52 размер",
    "_collectTitle": false,
    "price": "5 000 тг.",
    "_collectPrice": false,
    "_collectLocationDate": false,
    "locationDate": "Алматы, Алмалинский район - Сегодня в 11:47"
  },
  {
    "url": "https://www.olx.kz/d/obyavlenie/kurtka-dvustoronnyaya-IDoA0Ne.html",
    "title": "Куртка двусторонняя",
    "_collectTitle": false,
    "price": "5 000 тг.",
    "_collectPrice": false,
    "_collectLocationDate": false,
    "locationDate": "Алмалы - Сегодня в 11:47"
  },
  {
    "url": "https://www.olx.kz/d/obyavlenie/trezvyy-voditel-IDp1pAm.html",
    "title": "Трезвый  Водитель",
    "_collectTitle": false,
    "locationDate": "Шымкент, Абайский район - 12 июня 2024 г.",
    "_collectLocationDate": false,
    "_collectPrice": false
  },
  {
    "url": "https://www.olx.kz/d/obyavlenie/remont-stiralnyh-mashin-IDoPh0K.html",
    "title": "Ремонт стиральных машин",
    "_collectTitle": false,
    "locationDate": "Актобе, микрорайон 11 - Сегодня в 06:29",
    "_collectLocationDate": false,
    "_collectPrice": false
  },
  {
    "url": "https://www.olx.kz/d/obyavlenie/prodam-konya-2-goda-IDp2iMu.html",
    "title": "Продам коня 2 года",
    "_collectTitle": false,
    "price": "410 000 тг.",
    "_collectPrice": false,
    "_collectLocationDate": false,
    "locationDate": "Балтабай - 11 июня 2024 г."
  },
  {
    "url": "https://www.olx.kz/d/obyavlenie/naryady-nevestkam-IDnHtzh.html",
    "title": "Наряды невесткам",
    "_collectTitle": false,
    "price": "15 000 тг.Договорная",
    "_collectPrice": false,
    "_collectLocationDate": false,
    "locationDate": "Байзак - Сегодня в 11:47"
  },
  {
    "url": "https://www.olx.kz/d/obyavlenie/uggi-na-devochku-35razmer-IDnxIEZ.html",
    "title": "Угги на девочку 35размер",
    "_collectTitle": false,
    "price": "3 000 тг.",
    "_collectPrice": false,
    "_collectLocationDate": false,
    "locationDate": "Караганда, Казыбекбийский район - Сегодня в 11:47"
  },
  {
    "url": "https://www.olx.kz/d/obyavlenie/samsung-galaxy-j1-mini-IDnqAhA.html",
    "title": "Samsung galaxy j1 mini",
    "_collectTitle": false,
    "price": "6 000 тг.Договорная",
    "_collectPrice": false,
    "_collectLocationDate": false,
    "locationDate": "Акбулак - Сегодня в 11:47"
  },
  {
    "url": "https://www.olx.kz/d/obyavlenie/kurtka-zimnyaya-dlya-devochek-IDofXgu.html",
    "title": "Куртка зимняя для девочек",
    "_collectTitle": false,
    "price": "10 000 тг.",
    "_collectPrice": false,
    "_collectLocationDate": false,
    "locationDate": "Актобе, Акжар 1 - Сегодня в 11:47"
  },
  {
    "url": "https://www.olx.kz/d/obyavlenie/broylernye-yaytsa-arbor-aykres-optom-i-v-roznitsu-aa4-IDnU5Jv.html",
    "title": "Бройлерные яйца АРБОР АЙКРЕС оптом и в розницу АА4",
    "_collectTitle": false,
    "price": "300 тг.Договорная",
    "_collectPrice": false,
    "_collectLocationDate": false,
    "locationDate": "Семей - Сегодня в 11:47"
  },
  {
    "url": "https://www.olx.kz/d/obyavlenie/zip-pakety-folgirovannye-IDlqtzD.html",
    "title": "Zip - пакеты фольгированные",
    "_collectTitle": false,
    "price": "60 тг.",
    "_collectPrice": false,
    "_collectLocationDate": false,
    "locationDate": "Караганда, Казыбекбийский район - Сегодня в 11:47"
  },
  {
    "url": "https://www.olx.kz/obyavlenie/rabota/trebuetsya-torgovyy-predstavitel-IDp4REr.html",
    "title": "Требуется торговый представитель",
    "_collectTitle": false,
    "_collectPrice": false,
    "_collectLocationDate": false
  },
  {
    "url": "https://www.olx.kz/d/obyavlenie/dvigatel-mersedes-111-obem-2-2-IDoHX4U.html",
    "title": "двигатель мерседес 111 объём 2.2",
    "_collectTitle": false,
    "price": "55 000 тг.",
    "_collectPrice": false,
    "_collectLocationDate": false,
    "locationDate": "Костанай - Сегодня в 11:47"
  },
  {
    "url": "https://www.olx.kz/d/obyavlenie/otdam-kotyat-krasivye-umnye-zdorovye-IDp4RNs.html",
    "title": "Отдам котят, красивые, умные, здоровые",
    "_collectTitle": false,
    "price": "Бесплатно",
    "_collectPrice": false,
    "_collectLocationDate": false,
    "locationDate": "Кокшетау, Проспект Абылай хана - Сегодня в 11:47"
  },
  {
    "url": "https://www.olx.kz/d/obyavlenie/norkovaya-shuba-IDp4uRH.html",
    "title": "Норковая шуба",
    "_collectTitle": false,
    "price": "250 000 тг.Договорная",
    "_collectPrice": false,
    "_collectLocationDate": false,
    "locationDate": "Кызылорда - Сегодня в 11:47"
  },
  {
    "url": "https://www.olx.kz/d/obyavlenie/trezvyy-voditel-almaty-IDoa3vk.html",
    "title": "Трезвый водитель Алматы",
    "_collectTitle": false,
    "locationDate": "Алматы, Бостандыкский район - 31 мая 2024 г.",
    "_collectLocationDate": false,
    "_collectPrice": false
  },
  {
    "url": "https://www.olx.kz/d/obyavlenie/prodam-nadezhnogo-yapontsa-mitsubisi-lanser-9-IDo4tEp.html",
    "title": "Продам надёжного японца. Митсубиси Лансер 9",
    "_collectTitle": false,
    "price": "2 400 000 тг.",
    "_collectPrice": false,
    "_collectLocationDate": false,
    "locationDate": "Петропавловск - 12 июня 2024 г."
  },
  {
    "url": "https://www.olx.kz/d/obyavlenie/fiksatory-zvezdochki-opory-chirozy-hamutogiby-klyuchi-dlya-chiroz-IDnOnnA.html",
    "title": "Фиксаторы Звездочки Опоры  Чирозы Хамутогибы Ключи для чироз",
    "_collectTitle": false,
    "price": "12 тг.",
    "_collectPrice": false,
    "_collectLocationDate": false,
    "locationDate": "Шымкент, Абайский район - Сегодня в 05:28"
  },
  {
    "url": "https://www.olx.kz/d/obyavlenie/arenda-avto-taksi-bez-zaloga-IDnJw05.html",
    "title": "Аренда авто Такси Без Залога",
    "_collectTitle": false,
    "locationDate": "Караганда, Казыбекбийский район - Сегодня в 11:47",
    "_collectLocationDate": false,
    "_collectPrice": false
  },
  {
    "url": "https://www.olx.kz/d/obyavlenie/prodam-holodilnik-ppzis-IDp4RNz.html",
    "title": "Продам холодильник Ppzis",
    "_collectTitle": false,
    "price": "8 000 тг.Договорная",
    "_collectPrice": false,
    "_collectLocationDate": false,
    "locationDate": "Каргалы - Сегодня в 11:47"
  },
  {
    "url": "https://www.olx.kz/d/obyavlenie/professionalnyy-pylesos-IDp4RNy.html",
    "title": "Профессиональный пылесос",
    "_collectTitle": false,
    "price": "45 000 тг.",
    "_collectPrice": false,
    "_collectLocationDate": false,
    "locationDate": "Алматы, Алмалинский район - Сегодня в 11:47"
  },
  {
    "url": "https://www.olx.kz/d/obyavlenie/dzhek-rassel-terer-schenki-skk-fci-IDo0sFn.html",
    "title": "Джек рассел терьер щенки СКК, FCI",
    "_collectTitle": false,
    "price": "250 000 тг.",
    "_collectPrice": false,
    "_collectLocationDate": false,
    "locationDate": "Алматы, Бостандыкский район - Сегодня в 11:47"
  },
  {
    "url": "https://www.olx.kz/d/obyavlenie/gofrirovannaya-bumaga-i-karton-IDp4RNm.html",
    "title": "Гофрированная бумага и картон",
    "_collectTitle": false,
    "price": "150 тг.",
    "_collectPrice": false,
    "_collectLocationDate": false,
    "locationDate": "Астана, Алматинский район - Сегодня в 11:47"
  },
  {
    "url": "https://www.olx.kz/d/obyavlenie/televizor-zhndemz-IDmziFq.html",
    "title": "Телевизор  жөндеміз.",
    "_collectTitle": false,
    "locationDate": "Акшукур - Сегодня в 11:47",
    "_collectLocationDate": false,
    "_collectPrice": false
  },
  {
    "url": "https://www.olx.kz/d/obyavlenie/iphon-11-prodam-IDp4RNo.html",
    "title": "iPhon 11 продам.",
    "_collectTitle": false,
    "price": "65 000 тг.",
    "_collectPrice": false,
    "_collectLocationDate": false,
    "locationDate": "Костанай - Сегодня в 11:47"
  },
  {
    "url": "https://www.olx.kz/d/obyavlenie/prodam-stiralnuyu-mashinku-IDp4RNi.html",
    "title": "Продам стиральную машинку",
    "_collectTitle": false,
    "price": "40 000 тг.",
    "_collectPrice": false,
    "_collectLocationDate": false,
    "locationDate": "Алматы, Алмалинский район - Сегодня в 11:47"
  },
  {
    "url": "https://www.olx.kz/d/obyavlenie/zhalyuzi-shtory-roll-zhalyuzi-vse-vidy-22-IDoj3KZ.html",
    "title": "Жалюзи шторы, ролл, жалюзи все виды 22",
    "_collectTitle": false,
    "price": "1 500 тг.",
    "_collectPrice": false,
    "_collectLocationDate": false,
    "locationDate": "Шымкент, Аль-Фарабийский район - Сегодня в 11:47"
  },
  {
    "url": "https://www.olx.kz/d/obyavlenie/apple-watch-8-41-mm-t37110-IDp117t.html",
    "title": "Apple Watch 8 (41 mm) | т37110",
    "_collectTitle": false,
    "price": "65 000 тг.",
    "_collectPrice": false,
    "_collectLocationDate": false,
    "locationDate": "Алматы, Ауэзовский район - Сегодня в 11:47"
  },
  {
    "url": "https://www.olx.kz/d/obyavlenie/arenda-i-prodazha-lesa-opalubka-fanera-tayrot-strubtsina-domkrat-IDp10pp.html",
    "title": "Аренда и продажа Леса, опалубка, фанера, тайрот, струбцина, домкрат",
    "_collectTitle": false,
    "locationDate": "Алматы, Алмалинский район - Сегодня в 10:51",
    "_collectLocationDate": false,
    "_collectPrice": false
  },
  {
    "url": "https://www.olx.kz/d/obyavlenie/ksvpv-5e-4x2x0-48-305mmednyy-utp-kabel-dlya-vnutrenney-prokladki-IDlACvn.html",
    "title": "КСВПВ -5e 4x2x0,48 305м(медный UTP кабель для внутренней прокладки)",
    "_collectTitle": false,
    "price": "32 940 тг.",
    "_collectPrice": false,
    "_collectLocationDate": false,
    "locationDate": "Алматы, Бостандыкский район - 12 июня 2024 г."
  },
  {
    "url": "https://www.olx.kz/d/obyavlenie/prokat-arenda-avto-mashin-taksi-bez-voditelya-kobalt-neksiya-IDnMMfW.html",
    "title": "Прокат аренда авто машин такси без водителя кобалт нексия",
    "_collectTitle": false,
    "locationDate": "Астана, Сарыаркинский район - 12 июня 2024 г.",
    "_collectLocationDate": false,
    "_collectPrice": false
  },
  {
    "url": "https://www.olx.kz/d/obyavlenie/gruzoperevozki-bolshegruznyy-evakuator-mini-tral-IDoUqNU.html",
    "title": "Грузоперевозки. Большегрузный эвакуатор, мини Трал",
    "_collectTitle": false,
    "locationDate": "Алматы, Жетысуский район - Сегодня в 11:47",
    "_collectLocationDate": false,
    "_collectPrice": false
  },
  {
    "url": "https://www.olx.kz/d/obyavlenie/evakuator-kruglosutochno-IDorFJw.html",
    "title": "Эвакуатор круглосуточно",
    "_collectTitle": false,
    "locationDate": "Жастар - Сегодня в 11:47",
    "_collectLocationDate": false,
    "_collectPrice": false
  },
  {
    "url": "https://www.olx.kz/d/obyavlenie/beton-s-dostavkoy-pesok-scheben-IDp0qKw.html",
    "title": "Бетон  с Доставкой. Песок. Щебень",
    "_collectTitle": false,
    "price": "16 500 тг.Договорная",
    "_collectPrice": false,
    "_collectLocationDate": false,
    "locationDate": "Кайтпас - Сегодня в 11:46"
  },
  {
    "url": "https://www.olx.kz/d/obyavlenie/astana-vyvoz-musora-utilizatsiya-mebeli-IDlW1EF.html",
    "title": "Астана . Вывоз мусора. Утилизация мебели",
    "_collectTitle": false,
    "locationDate": "Астана, Есильский район - Сегодня в 11:46",
    "_collectLocationDate": false,
    "_collectPrice": false
  },
  {
    "url": "https://www.olx.kz/d/obyavlenie/moskitnye-setki-s-ustanovkoy-IDnMBBP.html",
    "title": "Москитные сетки с установкой",
    "_collectTitle": false,
    "locationDate": "Кокшетау, Первая аптека - Сегодня в 11:46",
    "_collectLocationDate": false,
    "_collectPrice": false
  },
  {
    "url": "https://www.olx.kz/d/obyavlenie/zakrytie-biznesa-IDp4RMw.html",
    "title": "Закрытие бизнеса",
    "_collectTitle": false,
    "locationDate": "Талас - Сегодня в 11:46",
    "_collectLocationDate": false,
    "_collectPrice": false
  },
  {
    "url": "https://www.olx.kz/d/obyavlenie/drel-shurupovert-nabor-shurupovert-novyy-instrument-IDkoYTK.html",
    "title": "Дрель-шуруповерт Набор Шуруповерт (Новый) инструмент",
    "_collectTitle": false,
    "price": "8 990 тг.",
    "_collectPrice": false,
    "_collectLocationDate": false,
    "locationDate": "Шымкент, Абайский район - Сегодня в 11:46"
  },
  {
    "url": "https://www.olx.kz/d/obyavlenie/prodaetsya-produktsiya-firmy-atomy-IDp4RN8.html",
    "title": "Продается продукция фирмы Atomy",
    "_collectTitle": false,
    "price": "3 500 тг.",
    "_collectPrice": false,
    "_collectLocationDate": false,
    "locationDate": "Астана, Есильский район - Сегодня в 11:46"
  },
  {
    "url": "https://www.olx.kz/d/obyavlenie/noutbuk-lenovo-IDp4RNf.html",
    "title": "Ноутбук Lenovo..",
    "_collectTitle": false,
    "price": "33 000 тг.Договорная",
    "_collectPrice": false,
    "_collectLocationDate": false,
    "locationDate": "Павлодар - Сегодня в 11:46"
  },
  {
    "url": "https://www.olx.kzhttps://olx.pt",
    "title": "Продам люльку в хорошем состоянии-все рабочее",
    "_collectTitle": false,
    "price": "12 000 тг.Договорная",
    "_collectPrice": false,
    "_collectLocationDate": false,
    "locationDate": "Болтирик шешен - Сегодня в 11:46"
  }
]
[
  {
    "url": "https://www.olx.kz/d/obyavlenie/arenda-moped-prokat-skuter-IDoU7uT.html",
    "title": "Аренда мопед  прокат  скутер",
    "_collectTitle": false,
    "locationDate": "Алматы, Ауэзовский район - 10 июня 2024 г.",
    "_collectLocationDate": false,
    "_collectPrice": false
  },
  {
    "url": "https://www.olx.kz/d/obyavlenie/belye-tufli-na-bolshom-kabluke-IDp4CAt.html",
    "title": "белые туфли на большом каблуке.",
    "_collectTitle": false,
    "price": "15 000 тг..css-1vxklie{color:#7F9799;font-size:12px;line-height:16px;font-weight:100;display:block;width:100%;text-align:right;}Договорная",
    "_collectPrice": false,
    "_collectLocationDate": false,
    "locationDate": "Жолбарыса Калшораева - 12 июня 2024 г."
  },
  {
    "url": "https://www.olx.kz/d/obyavlenie/krovlya-iz-pvh-membrany-IDoXKG9.html",
    "title": "Кровля из ПВХ мембраны",
    "_collectTitle": false,
    "locationDate": "Караганда, Казыбекбийский район - 11 июня 2024 г.",
    "_collectLocationDate": false,
    "_collectPrice": false
  },
  {
    "url": "https://www.olx.kz/d/obyavlenie/letniy-legkiy-tufli-IDp4RQz.html",
    "title": "Летний легкий туфли",
    "_collectTitle": false,
    "price": "28 000 тг.",
    "_collectPrice": false,
    "_collectLocationDate": false,
    "locationDate": "Костанай - Сегодня в 11:51"
  },
  {
    "url": "https://www.olx.kz/d/obyavlenie/korset-lateksnyy-IDoI3uP.html",
    "title": "Корсет латексный",
    "_collectTitle": false,
    "price": "8 500 тг.",
    "_collectPrice": false,
    "_collectLocationDate": false,
    "locationDate": "Астана, Есильский район - Сегодня в 11:50"
  },
  {
    "url": "https://www.olx.kz/d/obyavlenie/novyy-teplyy-kombinezon-IDoCR3a.html",
    "title": "Новый теплый комбинезон",
    "_collectTitle": false,
    "price": "10 000 тг.Договорная",
    "_collectPrice": false,
    "_collectLocationDate": false,
    "locationDate": "Каскелен - Сегодня в 11:50"
  },
  {
    "url": "https://www.olx.kz/d/obyavlenie/kolyaska-detskaya-zippi-IDnYXBt.html",
    "title": "Коляска детская Zippi",
    "_collectTitle": false,
    "price": "35 000 тг.",
    "_collectPrice": false,
    "_collectLocationDate": false,
    "locationDate": "Алматы, Жетысуский район - Сегодня в 11:50"
  },
  {
    "url": "https://www.olx.kz/d/obyavlenie/muzhskoe-palto-IDmY2cc.html",
    "title": "Мужское пальто",
    "_collectTitle": false,
    "price": "19 000 тг.Договорная",
    "_collectPrice": false,
    "_collectLocationDate": false,
    "locationDate": "Астана, Алматинский район - Сегодня в 11:50"
  },
  {
    "url": "https://www.olx.kz/d/obyavlenie/kaprokozha-material-dlya-obivki-ugolkov-sideniy-poshiv-chehlov-IDm7dMO.html",
    "title": ",,Капрокожа'' материал для обивки уголков,сидений,пошив чехлов.",
    "_collectTitle": false,
    "price": "3 000 тг.",
    "_collectPrice": false,
    "_collectLocationDate": false,
    "locationDate": "Костанай - Сегодня в 11:50"
  },
  {
    "url": "https://www.olx.kz/d/obyavlenie/prodam-titan-dlya-nagreva-vody-na-tverdom-toplive-mozhno-gaz-novyy-IDoNrgc.html",
    "title": "Продам Титан для нагрева воды на твердом топливе, можно газ (новый)",
    "_collectTitle": false,
    "price": "100 000 тг.Договорная",
    "_collectPrice": false,
    "_collectLocationDate": false,
    "locationDate": "Алматы, Алатауский район - Сегодня в 11:50"
  },
  {
    "url": "https://www.olx.kz/d/obyavlenie/manikyurnye-pushery-IDj645Z.html",
    "title": "Маникюрные пушеры",
    "_collectTitle": false,
    "price": "1 000 тг.",
    "_collectPrice": false,
    "_collectLocationDate": false,
    "locationDate": "Астана, Сарыаркинский район - Сегодня в 11:50"
  },
  {
    "url": "https://www.olx.kz/d/obyavlenie/massazher-dlya-nog-IDmSTLQ.html",
    "title": "Массажёр для ног",
    "_collectTitle": false,
    "price": "250 тг.Договорная",
    "_collectPrice": false,
    "_collectLocationDate": false,
    "locationDate": "Есик - Сегодня в 11:50"
  },
  {
    "url": "https://www.olx.kz/d/obyavlenie/razgruzka-garderoba-IDmImdn.html",
    "title": "Разгрузка гардероба",
    "_collectTitle": false,
    "price": "15 000 тг.",
    "_collectPrice": false,
    "_collectLocationDate": false,
    "locationDate": "Семей - Сегодня в 11:50"
  },
  {
    "url": "https://www.olx.kz/d/obyavlenie/trezvyy-voditel-IDp1pAm.html",
    "title": "Трезвый  Водитель",
    "_collectTitle": false,
    "locationDate": "Шымкент, Абайский район - 12 июня 2024 г.",
    "_collectLocationDate": false,
    "_collectPrice": false
  },
  {
    "url": "https://www.olx.kz/d/obyavlenie/remont-stiralnyh-mashin-IDoPh0K.html",
    "title": "Ремонт стиральных машин",
    "_collectTitle": false,
    "locationDate": "Актобе, микрорайон 11 - Сегодня в 06:29",
    "_collectLocationDate": false,
    "_collectPrice": false
  },
  {
    "url": "https://www.olx.kz/d/obyavlenie/prodam-konya-2-goda-IDp2iMu.html",
    "title": "Продам коня 2 года",
    "_collectTitle": false,
    "price": "410 000 тг.",
    "_collectPrice": false,
    "_collectLocationDate": false,
    "locationDate": "Балтабай - 11 июня 2024 г."
  },
  {
    "url": "https://www.olx.kz/d/obyavlenie/uyutnaya-1-kom-po-ul-mozhayskogo-3-za-gimnaziey-45-IDoZFn4.html",
    "title": "Уютная 1 ком. по ул.  МОЖАЙСКОГО 3, за гимназией №45\"\"",
    "_collectTitle": false,
    "price": "10 800 000 тг.",
    "_collectPrice": false,
    "_collectLocationDate": false,
    "locationDate": "Караганда, Казыбекбийский район - Сегодня в 11:50"
  },
  {
    "url": "https://www.olx.kz/d/obyavlenie/1-kom-po-prospektu-buhar-zhyrau-96-naprotiv-novoy-optiki-IDoZFzX.html",
    "title": "1 ком. по проспекту БУХАР ЖЫРАУ 96, напротив новой \"Оптики\"\"",
    "_collectTitle": false,
    "price": "8 500 000 тг.",
    "_collectPrice": false,
    "_collectLocationDate": false,
    "locationDate": "Караганда, Казыбекбийский район - Сегодня в 11:49"
  },
  {
    "url": "https://www.olx.kz/d/obyavlenie/stolovyy-nabor-zeptor-IDo3r1I.html",
    "title": "Столовый набор Zeptor",
    "_collectTitle": false,
    "price": "10 500 тг.",
    "_collectPrice": false,
    "_collectLocationDate": false,
    "locationDate": "Алматы, Бостандыкский район - Сегодня в 11:49"
  },
  {
    "url": "https://www.olx.kz/d/obyavlenie/videokarta-amd-rx6500-xt-4gb-IDnXKjv.html",
    "title": "Видеокарта AMD RX6500 XT 4GB",
    "_collectTitle": false,
    "price": "80 900 тг.Договорная",
    "_collectPrice": false,
    "_collectLocationDate": false,
    "locationDate": "Алматы, Бостандыкский район - Сегодня в 11:49"
  },
  {
    "url": "https://www.olx.kz/d/obyavlenie/prodam-osennyuyu-kurtku-IDndP0C.html",
    "title": "Продам осеннюю куртку",
    "_collectTitle": false,
    "price": "8 000 тг.",
    "_collectPrice": false,
    "_collectLocationDate": false,
    "locationDate": "Казцик - Сегодня в 11:49"
  },
  {
    "url": "https://www.olx.kz/d/obyavlenie/trusiki-na-devochku-3-sht-IDm9I9M.html",
    "title": "Трусики на девочку 3 шт",
    "_collectTitle": false,
    "price": "2 000 тг.",
    "_collectPrice": false,
    "_collectLocationDate": false,
    "locationDate": "Алматы, Ауэзовский район - Сегодня в 11:49"
  },
  {
    "url": "https://www.olx.kz/d/obyavlenie/vazochki-dlya-varene-i-morozhenoe-kosshy-lesnaya-polyana-IDo9Ni9.html",
    "title": "Вазочки для варенье и мороженое Косшы Лесная поляна",
    "_collectTitle": false,
    "price": "2 500 тг.",
    "_collectPrice": false,
    "_collectLocationDate": false,
    "locationDate": "Астана, Есильский район - Сегодня в 11:49"
  },
  {
    "url": "https://www.olx.kz/d/obyavlenie/kurtka-muzhskaya-kozhanaya-IDow5g4.html",
    "title": "куртка мужская кожаная",
    "_collectTitle": false,
    "price": "35 000 тг.Договорная",
    "_collectPrice": false,
    "_collectLocationDate": false,
    "locationDate": "Караганда, Казыбекбийский район - Сегодня в 11:49"
  },
  {
    "url": "https://www.olx.kz/d/obyavlenie/prodam-beloe-plate-IDmQRmG.html",
    "title": "Продам Белое Платье",
    "_collectTitle": false,
    "price": "8 000 тг.",
    "_collectPrice": false,
    "_collectLocationDate": false,
    "locationDate": "Уральск, 2-й рабочий - Сегодня в 11:49"
  },
  {
    "url": "https://www.olx.kz/d/obyavlenie/prodam-kozhanye-muzhskie-tufli-42r-frantsiya-per-karden-IDoVdCL.html",
    "title": "Продам кожаные ,мужские туфли 42р. Франция ,Пьер Карден",
    "_collectTitle": false,
    "price": "55 000 тг.Договорная",
    "_collectPrice": false,
    "_collectLocationDate": false,
    "locationDate": "Павлодар - Сегодня в 11:49"
  },
  {
    "url": "https://www.olx.kz/d/obyavlenie/trezvyy-voditel-almaty-IDoa3vk.html",
    "title": "Трезвый водитель Алматы",
    "_collectTitle": false,
    "locationDate": "Алматы, Бостандыкский район - 31 мая 2024 г.",
    "_collectLocationDate": false,
    "_collectPrice": false
  },
  {
    "url": "https://www.olx.kz/d/obyavlenie/prodam-nadezhnogo-yapontsa-mitsubisi-lanser-9-IDo4tEp.html",
    "title": "Продам надёжного японца. Митсубиси Лансер 9",
    "_collectTitle": false,
    "price": "2 400 000 тг.",
    "_collectPrice": false,
    "_collectLocationDate": false,
    "locationDate": "Петропавловск - 12 июня 2024 г."
  },
  {
    "url": "https://www.olx.kz/d/obyavlenie/fiksatory-zvezdochki-opory-chirozy-hamutogiby-klyuchi-dlya-chiroz-IDnOnnA.html",
    "title": "Фиксаторы Звездочки Опоры  Чирозы Хамутогибы Ключи для чироз",
    "_collectTitle": false,
    "price": "12 тг.",
    "_collectPrice": false,
    "_collectLocationDate": false,
    "locationDate": "Шымкент, Абайский район - Сегодня в 05:28"
  },
  {
    "url": "https://www.olx.kz/d/obyavlenie/router-deco-IDnLjIz.html",
    "title": "Роутер DECO",
    "_collectTitle": false,
    "price": "26 000 тг.",
    "_collectPrice": false,
    "_collectLocationDate": false,
    "locationDate": "Актау, 1 - Сегодня в 11:49"
  },
  {
    "url": "https://www.olx.kz/d/obyavlenie/armeyskiy-krovat-dvuhyarusnaya-krovat-IDlLoXK.html",
    "title": "Армейский кровать двухъярусная кровать",
    "_collectTitle": false,
    "price": "37 000 тг.Договорная",
    "_collectPrice": false,
    "_collectLocationDate": false,
    "locationDate": "Атырау, Авангард - Сегодня в 11:49"
  },
  {
    "url": "https://www.olx.kz/d/obyavlenie/prodam-shikarnoe-i-eksklyuzivnoe-plate-dlya-osobogo-dnya-IDiW4Qa.html",
    "title": "Продам шикарное и эксклюзивное платье для особого дня",
    "_collectTitle": false,
    "price": "60 000 тг.Договорная",
    "_collectPrice": false,
    "_collectLocationDate": false,
    "locationDate": "Актобе, Старый город - Сегодня в 11:49"
  },
  {
    "url": "https://www.olx.kz/d/obyavlenie/sportivka-kazahstan-IDixXQ2.html",
    "title": "Спортивка Казахстан",
    "_collectTitle": false,
    "price": "22 500 тг.",
    "_collectPrice": false,
    "_collectLocationDate": false,
    "locationDate": "Актау, 1 - Сегодня в 11:49"
  },
  {
    "url": "https://www.olx.kz/d/obyavlenie/remont-televizorov-IDmjiEg.html",
    "title": "Ремонт телевизоров",
    "_collectTitle": false,
    "locationDate": "Мунайшы - Сегодня в 11:49",
    "_collectLocationDate": false,
    "_collectPrice": false
  },
  {
    "url": "https://www.olx.kz/d/obyavlenie/srochno-v-svyazi-s-pereezdom-IDm2xtP.html",
    "title": "Срочно! В связи с переездом!",
    "_collectTitle": false,
    "price": "15 000 тг.",
    "_collectPrice": false,
    "_collectLocationDate": false,
    "locationDate": "Тараз, 4-мкр. Салтанат - Сегодня в 11:49"
  },
  {
    "url": "https://www.olx.kz/d/obyavlenie/maykuduk-sdayu-kvartiry-IDoIapu.html",
    "title": "Майкудук сдаю квартиры",
    "_collectTitle": false,
    "price": "7 000 тг.",
    "_collectPrice": false,
    "_collectLocationDate": false,
    "locationDate": "Караганда, Октябрьский район - Сегодня в 11:49"
  },
  {
    "url": "https://www.olx.kz/d/obyavlenie/shkatulka-dlya-ukrasheniy-IDolSiL.html",
    "title": "Шкатулка для украшений",
    "_collectTitle": false,
    "price": "5 500 тг.",
    "_collectPrice": false,
    "_collectLocationDate": false,
    "locationDate": "Мангистау - Сегодня в 11:49"
  },
  {
    "url": "https://www.olx.kz/d/obyavlenie/passat-b3-universal-IDoTtMR.html",
    "title": "Пассат б3 универсал",
    "_collectTitle": false,
    "price": "550 000 тг.",
    "_collectPrice": false,
    "_collectLocationDate": false,
    "locationDate": "Конаев (Капчагай) - Сегодня в 11:49"
  },
  {
    "url": "https://www.olx.kz/d/obyavlenie/rubashka-mvd-rk-poradnaya-IDos22m.html",
    "title": "Рубашка мвд рк порадная",
    "_collectTitle": false,
    "price": "5 000 тг.",
    "_collectPrice": false,
    "_collectLocationDate": false,
    "locationDate": "Валиханово - Сегодня в 11:49"
  },
  {
    "url": "https://www.olx.kz/d/obyavlenie/arenda-i-prodazha-lesa-opalubka-fanera-tayrot-strubtsina-domkrat-IDp10pp.html",
    "title": "Аренда и продажа Леса, опалубка, фанера, тайрот, струбцина, домкрат",
    "_collectTitle": false,
    "locationDate": "Алматы, Алмалинский район - Сегодня в 10:51",
    "_collectLocationDate": false,
    "_collectPrice": false
  },
  {
    "url": "https://www.olx.kz/d/obyavlenie/ksvpv-5e-4x2x0-48-305mmednyy-utp-kabel-dlya-vnutrenney-prokladki-IDlACvn.html",
    "title": "КСВПВ -5e 4x2x0,48 305м(медный UTP кабель для внутренней прокладки)",
    "_collectTitle": false,
    "price": "32 940 тг.",
    "_collectPrice": false,
    "_collectLocationDate": false,
    "locationDate": "Алматы, Бостандыкский район - 12 июня 2024 г."
  },
  {
    "url": "https://www.olx.kz/d/obyavlenie/prokat-arenda-avto-mashin-taksi-bez-voditelya-kobalt-neksiya-IDnMMfW.html",
    "title": "Прокат аренда авто машин такси без водителя кобалт нексия",
    "_collectTitle": false,
    "locationDate": "Астана, Сарыаркинский район - 12 июня 2024 г.",
    "_collectLocationDate": false,
    "_collectPrice": false
  },
  {
    "url": "https://www.olx.kz/d/obyavlenie/klaviatura-hyper-x-alloy-origins-core-IDo9NiC.html",
    "title": "Клавиатура Hyper X alloy origins core",
    "_collectTitle": false,
    "price": "40 000 тг.",
    "_collectPrice": false,
    "_collectLocationDate": false,
    "locationDate": "Алматы, Медеуский район - Сегодня в 11:49"
  },
  {
    "url": "https://www.olx.kz/d/obyavlenie/fotoshop-redaktirovanie-sdelaem-vse-24-7-shymkent-IDo3HxO.html",
    "title": "Фотошоп редактирование Сделаем все 24/7 Шымкент",
    "_collectTitle": false,
    "price": "500 тг.",
    "_collectPrice": false,
    "_collectLocationDate": false,
    "locationDate": "Шымкент, Абайский район - Сегодня в 11:49"
  },
  {
    "url": "https://www.olx.kz/d/obyavlenie/yaytso-inkubatsionnoe-kurinnoe-IDnOIs3.html",
    "title": "Яйцо инкубационное куринное",
    "_collectTitle": false,
    "price": "200 тг.",
    "_collectPrice": false,
    "_collectLocationDate": false,
    "locationDate": "Щучинск - Сегодня в 11:49"
  },
  {
    "url": "https://www.olx.kz/d/obyavlenie/prodam-zimnie-puhoviki-17000tg-IDmwSnI.html",
    "title": "Продам зимние пуховики 17000тг",
    "_collectTitle": false,
    "price": "17 000 тг.",
    "_collectPrice": false,
    "_collectLocationDate": false,
    "locationDate": "Павлодар - Сегодня в 11:49"
  },
  {
    "url": "https://www.olx.kz/d/obyavlenie/mitsubishi-delica-1995goda-IDmehFC.html",
    "title": "Mitsubishi Delica 1995 года",
    "_collectTitle": false,
    "price": "4 100 000 тг.",
    "_collectPrice": false,
    "_collectLocationDate": false,
    "locationDate": "Атырау, Авангард - Сегодня в 11:49"
  },
  {
    "url": "https://www.olx.kzhttp://applecity.olx.kz",
    "title": "Эксклюзивный торговый агент (Jacobs, Carte Noire, LOR)",
    "_collectTitle": false,
    "_collectPrice": false,
    "_collectLocationDate": false
  },
  {
    "url": "https://www.olx.kz/d/obyavlenie/domiki-v-borovoe-burabay-IDp4roO.html",
    "title": "Домики в Боровое (Бурабай)",
    "_collectTitle": false,
    "price": "25 000 тг.",
    "_collectPrice": false,
    "_collectLocationDate": false,
    "locationDate": "Астана, Есильский район - Сегодня в 11:49"
  },
  {
    "url": "https://www.olx.kz/d/obyavlenie/uslugi-avtovyshki-agp-22teleskop-i-kolenchatye-IDmaiwu.html",
    "title": "Услуги автовышки.Агп-22телескоп и коленчатые",
    "_collectTitle": false,
    "locationDate": "Актобе, Все - Сегодня в 11:49",
    "_collectLocationDate": false,
    "_collectPrice": false
  },
  {
    "url": "https://www.olx.kz/d/obyavlenie/uteplitel-isover-venti-optimal-plotnost-80-kg-m3-otlichnoe-kachestvo-IDnZGHC.html",
    "title": "Утеплитель Isover Венти Оптимал плотность 80 кг/м3 Отличное качество",
    "_collectTitle": false,
    "price": "6 300 тг.",
    "_collectPrice": false,
    "_collectLocationDate": false,
    "locationDate": "Петропавловск - Сегодня в 11:49"
  },
  {
    "url": "https://www.olx.kzhttps://olx.pt",
    "title": "Трактор Т40 сатылады",
    "_collectTitle": false,
    "price": "1 000 000 тг.Договорная",
    "_collectPrice": false,
    "_collectLocationDate": false,
    "locationDate": "Жезказган - Сегодня в 11:49"
  }
]
[
  {
    "url": "https://www.olx.kz/d/obyavlenie/otdam-schenyat-v-dobrye-ruki-IDoYLGZ.html",
    "title": "Отдам щенят  в добрые руки",
    "_collectTitle": false,
    "price": "Бесплатно",
    "_collectPrice": false,
    "_collectLocationDate": false,
    "locationDate": "Интернациональное - 12 июня 2024 г."
  },
  {
    "url": "https://www.olx.kz/d/obyavlenie/adapter-hdd-sata-2-5-v-type-c-usb-IDiJ34T.html",
    "title": "Адаптер HDD Sata 2.5' в Type C/USB",
    "_collectTitle": false,
    "price": "2 000 тг.",
    "_collectPrice": false,
    "_collectLocationDate": false,
    "locationDate": "Астана, Алматинский район - 12 июня 2024 г."
  },
  {
    "url": "https://www.olx.kz/d/obyavlenie/vrach-narkolog-medsestra-vyvod-iz-zapoya-lechenie-alkogolizma-kodirovanie-IDoO1LE.html",
    "title": "Врач нарколог медсестра вывод из запоя лечение алкоголизма кодирование",
    "_collectTitle": false,
    "locationDate": "Талдыкорган, Восточный (9-я площадка) - 12 июня 2024 г.",
    "_collectLocationDate": false,
    "_collectPrice": false
  },
  {
    "url": "https://www.olx.kz/d/obyavlenie/letniy-legkiy-tufli-IDp4RQz.html",
    "title": "Летний легкий туфли",
    "_collectTitle": false,
    "price": "28 000 тг.",
    "_collectPrice": false,
    "_collectLocationDate": false,
    "locationDate": "Костанай - Сегодня в 11:51"
  },
  {
    "url": "https://www.olx.kz/d/obyavlenie/korset-lateksnyy-IDoI3uP.html",
    "title": "Корсет латексный",
    "_collectTitle": false,
    "price": "8 500 тг.",
    "_collectPrice": false,
    "_collectLocationDate": false,
    "locationDate": "Астана, Есильский район - Сегодня в 11:50"
  },
  {
    "url": "https://www.olx.kz/d/obyavlenie/novyy-teplyy-kombinezon-IDoCR3a.html",
    "title": "Новый теплый комбинезон",
    "_collectTitle": false,
    "price": "10 000 тг..css-1vxklie{color:#7F9799;font-size:12px;line-height:16px;font-weight:100;display:block;width:100%;text-align:right;}Договорная",
    "_collectPrice": false,
    "_collectLocationDate": false,
    "locationDate": "Каскелен - Сегодня в 11:50"
  },
  {
    "url": "https://www.olx.kz/d/obyavlenie/kolyaska-detskaya-zippi-IDnYXBt.html",
    "title": "Коляска детская Zippi",
    "_collectTitle": false,
    "price": "35 000 тг.",
    "_collectPrice": false,
    "_collectLocationDate": false,
    "locationDate": "Алматы, Жетысуский район - Сегодня в 11:50"
  },
  {
    "url": "https://www.olx.kz/d/obyavlenie/muzhskoe-palto-IDmY2cc.html",
    "title": "Мужское пальто",
    "_collectTitle": false,
    "price": "19 000 тг.Договорная",
    "_collectPrice": false,
    "_collectLocationDate": false,
    "locationDate": "Астана, Алматинский район - Сегодня в 11:50"
  },
  {
    "url": "https://www.olx.kz/d/obyavlenie/kaprokozha-material-dlya-obivki-ugolkov-sideniy-poshiv-chehlov-IDm7dMO.html",
    "title": ",,Капрокожа'' материал для обивки уголков,сидений,пошив чехлов.",
    "_collectTitle": false,
    "price": "3 000 тг.",
    "_collectPrice": false,
    "_collectLocationDate": false,
    "locationDate": "Костанай - Сегодня в 11:50"
  },
  {
    "url": "https://www.olx.kz/d/obyavlenie/prodam-titan-dlya-nagreva-vody-na-tverdom-toplive-mozhno-gaz-novyy-IDoNrgc.html",
    "title": "Продам Титан для нагрева воды на твердом топливе, можно газ (новый)",
    "_collectTitle": false,
    "price": "100 000 тг.Договорная",
    "_collectPrice": false,
    "_collectLocationDate": false,
    "locationDate": "Алматы, Алатауский район - Сегодня в 11:50"
  },
  {
    "url": "https://www.olx.kz/d/obyavlenie/manikyurnye-pushery-IDj645Z.html",
    "title": "Маникюрные пушеры",
    "_collectTitle": false,
    "price": "1 000 тг.",
    "_collectPrice": false,
    "_collectLocationDate": false,
    "locationDate": "Астана, Сарыаркинский район - Сегодня в 11:50"
  },
  {
    "url": "https://www.olx.kz/d/obyavlenie/massazher-dlya-nog-IDmSTLQ.html",
    "title": "Массажёр для ног",
    "_collectTitle": false,
    "price": "250 тг.Договорная",
    "_collectPrice": false,
    "_collectLocationDate": false,
    "locationDate": "Есик - Сегодня в 11:50"
  },
  {
    "url": "https://www.olx.kz/d/obyavlenie/razgruzka-garderoba-IDmImdn.html",
    "title": "Разгрузка гардероба",
    "_collectTitle": false,
    "price": "15 000 тг.",
    "_collectPrice": false,
    "_collectLocationDate": false,
    "locationDate": "Семей - Сегодня в 11:50"
  },
  {
    "url": "https://www.olx.kz/d/obyavlenie/tamada-dlya-vashego-torzhestva-betashar-IDgsTRr.html",
    "title": "Тамада  для вашего торжества! Беташар!",
    "_collectTitle": false,
    "locationDate": "Кокшетау, Боровской - 11 июня 2024 г.",
    "_collectLocationDate": false,
    "_collectPrice": false
  },
  {
    "url": "https://www.olx.kz/d/obyavlenie/koroba-avtomat-renault-IDoQ9gZ.html",
    "title": "Короба автомат renault",
    "_collectTitle": false,
    "price": "270 000 тг.Договорная",
    "_collectPrice": false,
    "_collectLocationDate": false,
    "locationDate": "Алматы, Алмалинский район - 12 июня 2024 г."
  },
  {
    "url": "https://www.olx.kz/d/obyavlenie/chistka-forsunok-promyvka-forsunok-moyka-forsunok-IDmrFPQ.html",
    "title": "Чистка форсунок, промывка форсунок, мойка форсунок",
    "_collectTitle": false,
    "locationDate": "Павлодар - 08 июня 2024 г.",
    "_collectLocationDate": false,
    "_collectPrice": false
  },
  {
    "url": "https://www.olx.kz/d/obyavlenie/uyutnaya-1-kom-po-ul-mozhayskogo-3-za-gimnaziey-45-IDoZFn4.html",
    "title": "Уютная 1 ком. по ул.  МОЖАЙСКОГО 3, за гимназией №45\"\"",
    "_collectTitle": false,
    "price": "10 800 000 тг.",
    "_collectPrice": false,
    "_collectLocationDate": false,
    "locationDate": "Караганда, Казыбекбийский район - Сегодня в 11:50"
  },
  {
    "url": "https://www.olx.kz/d/obyavlenie/1-kom-po-prospektu-buhar-zhyrau-96-naprotiv-novoy-optiki-IDoZFzX.html",
    "title": "1 ком. по проспекту БУХАР ЖЫРАУ 96, напротив новой \"Оптики\"\"",
    "_collectTitle": false,
    "price": "8 500 000 тг.",
    "_collectPrice": false,
    "_collectLocationDate": false,
    "locationDate": "Караганда, Казыбекбийский район - Сегодня в 11:49"
  },
  {
    "url": "https://www.olx.kz/d/obyavlenie/stolovyy-nabor-zeptor-IDo3r1I.html",
    "title": "Столовый набор Zeptor",
    "_collectTitle": false,
    "price": "10 500 тг.",
    "_collectPrice": false,
    "_collectLocationDate": false,
    "locationDate": "Алматы, Бостандыкский район - Сегодня в 11:49"
  },
  {
    "url": "https://www.olx.kz/d/obyavlenie/videokarta-amd-rx6500-xt-4gb-IDnXKjv.html",
    "title": "Видеокарта AMD RX6500 XT 4GB",
    "_collectTitle": false,
    "price": "80 900 тг.Договорная",
    "_collectPrice": false,
    "_collectLocationDate": false,
    "locationDate": "Алматы, Бостандыкский район - Сегодня в 11:49"
  },
  {
    "url": "https://www.olx.kz/d/obyavlenie/prodam-osennyuyu-kurtku-IDndP0C.html",
    "title": "Продам осеннюю куртку",
    "_collectTitle": false,
    "price": "8 000 тг.",
    "_collectPrice": false,
    "_collectLocationDate": false,
    "locationDate": "Казцик - Сегодня в 11:49"
  },
  {
    "url": "https://www.olx.kz/d/obyavlenie/trusiki-na-devochku-3-sht-IDm9I9M.html",
    "title": "Трусики на девочку 3 шт",
    "_collectTitle": false,
    "price": "2 000 тг.",
    "_collectPrice": false,
    "_collectLocationDate": false,
    "locationDate": "Алматы, Ауэзовский район - Сегодня в 11:49"
  },
  {
    "url": "https://www.olx.kz/d/obyavlenie/vazochki-dlya-varene-i-morozhenoe-kosshy-lesnaya-polyana-IDo9Ni9.html",
    "title": "Вазочки для варенье и мороженое Косшы Лесная поляна",
    "_collectTitle": false,
    "price": "2 500 тг.",
    "_collectPrice": false,
    "_collectLocationDate": false,
    "locationDate": "Астана, Есильский район - Сегодня в 11:49"
  },
  {
    "url": "https://www.olx.kz/d/obyavlenie/kurtka-muzhskaya-kozhanaya-IDow5g4.html",
    "title": "куртка мужская кожаная",
    "_collectTitle": false,
    "price": "35 000 тг.Договорная",
    "_collectPrice": false,
    "_collectLocationDate": false,
    "locationDate": "Караганда, Казыбекбийский район - Сегодня в 11:49"
  },
  {
    "url": "https://www.olx.kz/d/obyavlenie/prodam-beloe-plate-IDmQRmG.html",
    "title": "Продам Белое Платье",
    "_collectTitle": false,
    "price": "8 000 тг.",
    "_collectPrice": false,
    "_collectLocationDate": false,
    "locationDate": "Уральск, 2-й рабочий - Сегодня в 11:49"
  },
  {
    "url": "https://www.olx.kz/d/obyavlenie/prodam-kozhanye-muzhskie-tufli-42r-frantsiya-per-karden-IDoVdCL.html",
    "title": "Продам кожаные ,мужские туфли 42р. Франция ,Пьер Карден",
    "_collectTitle": false,
    "price": "55 000 тг.Договорная",
    "_collectPrice": false,
    "_collectLocationDate": false,
    "locationDate": "Павлодар - Сегодня в 11:49"
  },
  {
    "url": "https://www.olx.kz/d/obyavlenie/prodaem-kvartiru-v-vysotke-9-43-IDoPRNY.html",
    "title": "Продаём квартиру в высотке 9-43",
    "_collectTitle": false,
    "price": "7 200 000 тг.",
    "_collectPrice": false,
    "_collectLocationDate": false,
    "locationDate": "Степногорск - Сегодня в 06:12"
  },
  {
    "url": "https://www.olx.kz/d/obyavlenie/oborudovanie-plita-liniya-razdach-zharochnaya-pech-duhovka-almaty-IDp0Oas.html",
    "title": "Оборудование, плита, линия раздач, жарочная печь, духовка Алматы",
    "_collectTitle": false,
    "price": "200 000 тг.",
    "_collectPrice": false,
    "_collectLocationDate": false,
    "locationDate": "Алматы, Алмалинский район - 12 июня 2024 г."
  },
  {
    "url": "https://www.olx.kz/d/obyavlenie/sendvich-paneli-tseny-ot-zavoda-IDoKoLX.html",
    "title": "Сэндвич-панели. ЦЕНЫ ОТ ЗАВОДА",
    "_collectTitle": false,
    "price": "12 700 тг.Договорная",
    "_collectPrice": false,
    "_collectLocationDate": false,
    "locationDate": "Алматы, Жетысуский район - Сегодня в 04:09"
  },
  {
    "url": "https://www.olx.kz/d/obyavlenie/router-deco-IDnLjIz.html",
    "title": "Роутер DECO",
    "_collectTitle": false,
    "price": "26 000 тг.",
    "_collectPrice": false,
    "_collectLocationDate": false,
    "locationDate": "Актау, 1 - Сегодня в 11:49"
  },
  {
    "url": "https://www.olx.kz/d/obyavlenie/armeyskiy-krovat-dvuhyarusnaya-krovat-IDlLoXK.html",
    "title": "Армейский кровать двухъярусная кровать",
    "_collectTitle": false,
    "price": "37 000 тг.Договорная",
    "_collectPrice": false,
    "_collectLocationDate": false,
    "locationDate": "Атырау, Авангард - Сегодня в 11:49"
  },
  {
    "url": "https://www.olx.kz/d/obyavlenie/prodam-shikarnoe-i-eksklyuzivnoe-plate-dlya-osobogo-dnya-IDiW4Qa.html",
    "title": "Продам шикарное и эксклюзивное платье для особого дня",
    "_collectTitle": false,
    "price": "60 000 тг.Договорная",
    "_collectPrice": false,
    "_collectLocationDate": false,
    "locationDate": "Актобе, Старый город - Сегодня в 11:49"
  },
  {
    "url": "https://www.olx.kz/d/obyavlenie/sportivka-kazahstan-IDixXQ2.html",
    "title": "Спортивка Казахстан",
    "_collectTitle": false,
    "price": "22 500 тг.",
    "_collectPrice": false,
    "_collectLocationDate": false,
    "locationDate": "Актау, 1 - Сегодня в 11:49"
  },
  {
    "url": "https://www.olx.kz/d/obyavlenie/remont-televizorov-IDmjiEg.html",
    "title": "Ремонт телевизоров",
    "_collectTitle": false,
    "locationDate": "Мунайшы - Сегодня в 11:49",
    "_collectLocationDate": false,
    "_collectPrice": false
  },
  {
    "url": "https://www.olx.kz/d/obyavlenie/srochno-v-svyazi-s-pereezdom-IDm2xtP.html",
    "title": "Срочно! В связи с переездом!",
    "_collectTitle": false,
    "price": "15 000 тг.",
    "_collectPrice": false,
    "_collectLocationDate": false,
    "locationDate": "Тараз, 4-мкр. Салтанат - Сегодня в 11:49"
  },
  {
    "url": "https://www.olx.kz/d/obyavlenie/maykuduk-sdayu-kvartiry-IDoIapu.html",
    "title": "Майкудук сдаю квартиры",
    "_collectTitle": false,
    "price": "7 000 тг.",
    "_collectPrice": false,
    "_collectLocationDate": false,
    "locationDate": "Караганда, Октябрьский район - Сегодня в 11:49"
  },
  {
    "url": "https://www.olx.kz/d/obyavlenie/shkatulka-dlya-ukrasheniy-IDolSiL.html",
    "title": "Шкатулка для украшений",
    "_collectTitle": false,
    "price": "5 500 тг.",
    "_collectPrice": false,
    "_collectLocationDate": false,
    "locationDate": "Мангистау - Сегодня в 11:49"
  },
  {
    "url": "https://www.olx.kz/d/obyavlenie/passat-b3-universal-IDoTtMR.html",
    "title": "Пассат б3 универсал",
    "_collectTitle": false,
    "price": "550 000 тг.",
    "_collectPrice": false,
    "_collectLocationDate": false,
    "locationDate": "Конаев (Капчагай) - Сегодня в 11:49"
  },
  {
    "url": "https://www.olx.kz/d/obyavlenie/rubashka-mvd-rk-poradnaya-IDos22m.html",
    "title": "Рубашка мвд рк порадная",
    "_collectTitle": false,
    "price": "5 000 тг.",
    "_collectPrice": false,
    "_collectLocationDate": false,
    "locationDate": "Валиханово - Сегодня в 11:49"
  },
  {
    "url": "https://www.olx.kz/d/obyavlenie/fatsetnye-zerkala-dizaynerskie-zerkalo-panno-IDoLdjN.html",
    "title": "Фацетные зеркала, дизайнерские зеркало, панно",
    "_collectTitle": false,
    "price": "1 000 тг.",
    "_collectPrice": false,
    "_collectLocationDate": false,
    "locationDate": "Астана, Есильский район - Сегодня в 07:31"
  },
  {
    "url": "https://www.olx.kz/d/obyavlenie/uslugi-ekskavator-pogruzchika-3v1-ekskavator-IDodyZD.html",
    "title": "Услуги Экскаватор-погрузчика, 3в1, экскаватор",
    "_collectTitle": false,
    "locationDate": "Каскелен - 10 июня 2024 г.",
    "_collectLocationDate": false,
    "_collectPrice": false
  },
  {
    "url": "https://www.olx.kz/d/obyavlenie/roll-shtory-den-i-noch-zhalyuzi-turtsiya-IDp1NIe.html",
    "title": "Ролл шторы день и ночь, жалюзи Турция",
    "_collectTitle": false,
    "price": "1 500 тг.",
    "_collectPrice": false,
    "_collectLocationDate": false,
    "locationDate": "Усть-Каменогорск, 45-я аптека - 11 июня 2024 г."
  },
  {
    "url": "https://www.olx.kz/d/obyavlenie/klaviatura-hyper-x-alloy-origins-core-IDo9NiC.html",
    "title": "Клавиатура Hyper X alloy origins core",
    "_collectTitle": false,
    "price": "40 000 тг.",
    "_collectPrice": false,
    "_collectLocationDate": false,
    "locationDate": "Алматы, Медеуский район - Сегодня в 11:49"
  },
  {
    "url": "https://www.olx.kz/d/obyavlenie/fotoshop-redaktirovanie-sdelaem-vse-24-7-shymkent-IDo3HxO.html",
    "title": "Фотошоп редактирование Сделаем все 24/7 Шымкент",
    "_collectTitle": false,
    "price": "500 тг.",
    "_collectPrice": false,
    "_collectLocationDate": false,
    "locationDate": "Шымкент, Абайский район - Сегодня в 11:49"
  },
  {
    "url": "https://www.olx.kz/d/obyavlenie/yaytso-inkubatsionnoe-kurinnoe-IDnOIs3.html",
    "title": "Яйцо инкубационное куринное",
    "_collectTitle": false,
    "price": "200 тг.",
    "_collectPrice": false,
    "_collectLocationDate": false,
    "locationDate": "Щучинск - Сегодня в 11:49"
  },
  {
    "url": "https://www.olx.kz/d/obyavlenie/prodam-zimnie-puhoviki-17000tg-IDmwSnI.html",
    "title": "Продам зимние пуховики 17000тг",
    "_collectTitle": false,
    "price": "17 000 тг.",
    "_collectPrice": false,
    "_collectLocationDate": false,
    "locationDate": "Павлодар - Сегодня в 11:49"
  },
  {
    "url": "https://www.olx.kz/d/obyavlenie/mitsubishi-delica-1995goda-IDmehFC.html",
    "title": "Mitsubishi Delica 1995 года",
    "_collectTitle": false,
    "price": "4 100 000 тг.",
    "_collectPrice": false,
    "_collectLocationDate": false,
    "locationDate": "Атырау, Авангард - Сегодня в 11:49"
  },
  {
    "url": "https://www.olx.kzhttp://applecity.olx.kz",
    "title": "Эксклюзивный торговый агент (Jacobs, Carte Noire, LOR)",
    "_collectTitle": false,
    "_collectPrice": false,
    "_collectLocationDate": false
  },
  {
    "url": "https://www.olx.kz/d/obyavlenie/domiki-v-borovoe-burabay-IDp4roO.html",
    "title": "Домики в Боровое (Бурабай)",
    "_collectTitle": false,
    "price": "25 000 тг.",
    "_collectPrice": false,
    "_collectLocationDate": false,
    "locationDate": "Астана, Есильский район - Сегодня в 11:49"
  },
  {
    "url": "https://www.olx.kz/d/obyavlenie/uslugi-avtovyshki-agp-22teleskop-i-kolenchatye-IDmaiwu.html",
    "title": "Услуги автовышки.Агп-22телескоп и коленчатые",
    "_collectTitle": false,
    "locationDate": "Актобе, Все - Сегодня в 11:49",
    "_collectLocationDate": false,
    "_collectPrice": false
  },
  {
    "url": "https://www.olx.kz/d/obyavlenie/uteplitel-isover-venti-optimal-plotnost-80-kg-m3-otlichnoe-kachestvo-IDnZGHC.html",
    "title": "Утеплитель Isover Венти Оптимал плотность 80 кг/м3 Отличное качество",
    "_collectTitle": false,
    "price": "6 300 тг.",
    "_collectPrice": false,
    "_collectLocationDate": false,
    "locationDate": "Петропавловск - Сегодня в 11:49"
  },
  {
    "url": "https://www.olx.kzhttps://olx.pt",
    "title": "Трактор Т40 сатылады",
    "_collectTitle": false,
    "price": "1 000 000 тг.Договорная",
    "_collectPrice": false,
    "_collectLocationDate": false,
    "locationDate": "Жезказган - Сегодня в 11:49"
  }
]
[
  {
    "url": "https://www.olx.kz/d/obyavlenie/stirka-kovrov-chistka-kovrov-IDih5du.html",
    "title": "Стирка ковров чистка ковров",
    "locationDate": "Костанай - 12 июня 2024 г."
  },
  {
    "url": "https://www.olx.kz/d/obyavlenie/otdam-schenyat-v-dobrye-ruki-IDoYLGZ.html",
    "title": "Отдам щенят  в добрые руки",
    "price": "Бесплатно",
    "locationDate": "Интернациональное - 12 июня 2024 г."
  },
  {
    "url": "https://www.olx.kz/d/obyavlenie/arhivnyy-stellazh-metallicheskie-stellazhi-polki-IDp4qHv.html",
    "title": "архивный стеллаж, металлические стеллажи, полки",
    "price": "9 250 тг.",
    "locationDate": "Туркестан - 12 июня 2024 г."
  },
  {
    "url": "https://www.olx.kz/d/obyavlenie/drova-s-dostavkoy-IDp4De3.html",
    "title": "Дрова с доставкой",
    "locationDate": "Макинск - Сегодня в 11:51"
  },
  {
    "url": "https://www.olx.kz/d/obyavlenie/sapogi-zimnie-zamshevye-demisezonnye-sapogi-IDjK31R.html",
    "title": "Сапоги зимние замшевые, демисезонные сапоги",
    "price": "2 000 тг.",
    "locationDate": "Костанай - Сегодня в 11:51"
  },
  {
    "url": "https://www.olx.kz/d/obyavlenie/demisezonnye-botinki-IDnEdDk.html",
    "title": "Демисезонные ботинки",
    "price": "1 000 тг.",
    "locationDate": "Усть-Каменогорск, 45-я аптека - Сегодня в 11:51"
  },
  {
    "url": "https://www.olx.kz/d/obyavlenie/apple-iphone-14-dual-sim-256gb-starlight-nizkaya-tsena-v-almaty-aktsiya-IDoZhDj.html",
    "title": "Apple iPhone 14 Dual Sim 256Gb Starlight низкая Цена В алматы АКЦИЯ",
    "price": "279 900 тг.Договорная",
    "locationDate": "Алматы, Алмалинский район - Сегодня в 11:51"
  },
  {
    "url": "https://www.olx.kz/d/obyavlenie/zimnie-botinki-IDoy21X.html",
    "title": "Зимние ботинки",
    "price": "12 000 тг.",
    "locationDate": "Алматы, Ауэзовский район - Сегодня в 11:51"
  },
  {
    "url": "https://www.olx.kz/d/obyavlenie/v-otl-sost-shtory-dorozhka-glad-doska-zerkalo-IDoy21G.html",
    "title": "В отл.сост! Шторы, дорожка, глад.доска, зеркало!",
    "price": "50 тг.",
    "locationDate": "Тараз, 4-мкр. Салтанат - Сегодня в 11:51"
  },
  {
    "url": "https://www.olx.kz/d/obyavlenie/operativnaya-pamyat-adata-32gb-ddr-5-IDoy21y.html",
    "title": "Оперативная память ADATA 32Gb DDR-5",
    "price": "60 000 тг.",
    "locationDate": "Гульдала - Сегодня в 11:51"
  },
  {
    "url": "https://www.olx.kz/d/obyavlenie/dobro-pozhalovat-na-shugaring-IDoy21v.html",
    "title": "Добро пожаловать на Шугаринг",
    "price": "1 000 тг.",
    "locationDate": "Петропавловск - Сегодня в 11:51"
  },
  {
    "url": "https://www.olx.kz/d/obyavlenie/poisk-distribyutorov-IDnrkMU.html",
    "title": "Поиск дистрибьюторов.",
    "price": "250 тг.",
    "locationDate": "Актобе, Юго-Запад 1 - Сегодня в 11:51"
  },
  {
    "url": "https://www.olx.kz/d/obyavlenie/faks-panasonic-kx-fl403ru-IDkjjOf.html",
    "title": "факс panasonic kx-fl403ru",
    "price": "5 000 тг.",
    "locationDate": "Алматы, Алатауский район - Сегодня в 11:51"
  },
  {
    "url": "https://www.olx.kz/d/obyavlenie/vrach-narkolog-medsestra-vyvod-iz-zapoya-lechenie-alkogolizma-kodirovanie-IDoO1LE.html",
    "title": "Врач нарколог медсестра вывод из запоя лечение алкоголизма кодирование",
    "locationDate": "Талдыкорган, Восточный (9-я площадка) - 12 июня 2024 г."
  },
  {
    "url": "https://www.olx.kz/d/obyavlenie/scheben-pesok-glina-grunt-chernozem-peregnoy-vyvoz-musora-IDhbiAu.html",
    "title": "Щебень, песок, глина, грунт, чернозем, перегной. Вывоз мусора",
    "locationDate": "Костанай - Сегодня в 05:27"
  },
  {
    "url": "https://www.olx.kz/d/obyavlenie/kvartira-po-sutochno-IDjtZpQ.html",
    "title": "Квартира по суточно",
    "price": "8 000 тг.Договорная",
    "locationDate": "Атырау, Авангард - 04 июня 2024 г."
  },
  {
    "url": "https://www.olx.kz/d/obyavlenie/sabvufera-piranha-12a-IDoCR3T.html",
    "title": "Сабвуфера Piranha 12A",
    "price": "79 000 тг.",
    "locationDate": "Алматы, Турксибский район - Сегодня в 11:51"
  },
  {
    "url": "https://www.olx.kz/d/obyavlenie/prodam-kurtku-5000-tg-IDoCR47.html",
    "title": "Продам куртку 5000 тг",
    "price": "5 000 тг.",
    "locationDate": "Нуркен - Сегодня в 11:51"
  },
  {
    "url": "https://www.olx.kz/d/obyavlenie/avtokreslo-IDni4Cn.html",
    "title": "Автокресло",
    "price": "12 000 тг.",
    "locationDate": "Алматы, Ауэзовский район - Сегодня в 11:51"
  },
  {
    "url": "https://www.olx.kz/d/obyavlenie/ryukzak-sumka-kazahstan-15000tg-IDiXRfF.html",
    "title": "Рюкзак сумка Казахстан 15000тг",
    "price": "15 000 тг.",
    "locationDate": "Актау, 1 - Сегодня в 11:51"
  },
  {
    "url": "https://www.olx.kz/d/obyavlenie/krasnyy-zhenskiy-plasch-IDnxx8H.html",
    "title": "Красный женский плащ",
    "price": "3 000 тг.Договорная",
    "locationDate": "Алматы, Ауэзовский район - Сегодня в 11:51"
  },
  {
    "url": "https://www.olx.kz/d/obyavlenie/prodam-ayfon-15-promaks-256-IDp3My6.html",
    "title": "Продам айфон 15 промакс 256",
    "price": "500 000 тг.",
    "locationDate": "Алматы, Жетысуский район - Сегодня в 11:51"
  },
  {
    "url": "https://www.olx.kz/d/obyavlenie/iphone-13-128-94-c-korobkoy-IDp11aB.html",
    "title": "iphone 13 128/94 c коробкой",
    "price": "200 000 тг.",
    "locationDate": "Нуркен - Сегодня в 11:51"
  },
  {
    "url": "https://www.olx.kz/d/obyavlenie/apple-imac-27-5k-2017-IDp0KIl.html",
    "title": "Apple iMac 27, 5K, 2017",
    "price": "400 000 тг.Договорная",
    "locationDate": "Алматы, Алмалинский район - Сегодня в 11:51"
  },
  {
    "url": "https://www.olx.kz/d/obyavlenie/novaya-zhenskaya-sumka-IDp4RQG.html",
    "title": "Новая женская сумка",
    "price": "4 800 тг.",
    "locationDate": "Чапаево - Сегодня в 11:51"
  },
  {
    "url": "https://www.olx.kz/d/obyavlenie/kvartira-v-tsentr-3-IDoNvTT.html",
    "title": "Квартира в ЦЕНТР 3",
    "price": "14 700 000 тг.",
    "locationDate": "Шахтинск - Сегодня в 11:51"
  },
  {
    "url": "https://www.olx.kz/d/obyavlenie/remont-televizorov-IDofTmQ.html",
    "title": "Ремонт телевизоров",
    "locationDate": "Атырау, Авангард - Сегодня в 06:12"
  },
  {
    "url": "https://www.olx.kz/d/obyavlenie/sendvich-paneli-tseny-ot-zavoda-IDoKoLX.html",
    "title": "Сэндвич-панели. ЦЕНЫ ОТ ЗАВОДА",
    "price": "12 700 тг.Договорная",
    "locationDate": "Алматы, Жетысуский район - Сегодня в 04:09"
  },
  {
    "url": "https://www.olx.kz/d/obyavlenie/gotovyy-onlayn-supermarket-IDoHFhE.html",
    "title": "Готовый Онлайн супермаркет",
    "price": "3 000 000 тг.",
    "locationDate": "Алматы, Алмалинский район - 10 июня 2024 г."
  },
  {
    "url": "https://www.olx.kz/d/obyavlenie/plate-amerekanskiy-dizayner-IDp4RQF.html",
    "title": "Платье амереканский дизайнер",
    "price": "48 000 тг.",
    "locationDate": "Астана, Алматинский район - Сегодня в 11:51"
  },
  {
    "url": "https://www.olx.kz/d/obyavlenie/plamegasiteli-obmanki-katalizatory-novye-IDnuqqS.html",
    "title": "Пламегасители, обманки, катализаторы новые.",
    "price": "10 000 тг.",
    "locationDate": "Муткенова - Сегодня в 11:51"
  },
  {
    "url": "https://www.olx.kz/d/obyavlenie/tseny-ozvuchivayu-zaranee-remont-holodilnika-remont-stiralnoy-mashiny-IDp4IOY.html",
    "title": "Цены озвучиваю заранее. ремонт холодильника. ремонт стиральной машины",
    "locationDate": "Астана, Алматинский район - Сегодня в 11:51"
  },
  {
    "url": "https://www.olx.kz/d/obyavlenie/grusha-dlya-boksa-IDp4RQC.html",
    "title": "Груша для бокса",
    "price": "8 000 тг.",
    "locationDate": "Уральск, 2-й рабочий - Сегодня в 11:51"
  },
  {
    "url": "https://www.olx.kz/d/obyavlenie/letniy-legkiy-tufli-IDp4RQz.html",
    "title": "Летний легкий туфли",
    "price": "28 000 тг.",
    "locationDate": "Костанай - Сегодня в 11:51"
  },
  {
    "url": "https://www.olx.kz/d/obyavlenie/family-and-friends-english-file-fly-high-project-IDnCKZI.html",
    "title": "Family and Friends, English File, Fly High, Project...",
    "price": "1 500 тг.",
    "locationDate": "Алматы, Ауэзовский район - Сегодня в 11:51"
  },
  {
    "url": "https://www.olx.kz/d/obyavlenie/assenizator-otkachka-septika-IDlZ014.html",
    "title": "Ассенизатор, откачка септика",
    "locationDate": "Алматы, Медеуский район - Сегодня в 11:51"
  },
  {
    "url": "https://www.olx.kz/d/obyavlenie/lyustra-shikarnaya-IDlWhEA.html",
    "title": "Люстра шикарная",
    "price": "20 000 тг.",
    "locationDate": "Кызылорда - Сегодня в 11:51"
  },
  {
    "url": "https://www.olx.kz/d/obyavlenie/apple-iphone-13-pro-128-goluboy-IDp117e.html",
    "title": "Apple iphone 13 Pro 128 голубой",
    "price": "265 000 тг.",
    "locationDate": "Алматы, Алмалинский район - Сегодня в 11:51"
  },
  {
    "url": "https://www.olx.kz/d/obyavlenie/elektrik-24-7-operativno-IDh4ouC.html",
    "title": "Электрик 24/7 оперативно",
    "locationDate": "Караганда, Казыбекбийский район - Сегодня в 11:50"
  },
  {
    "url": "https://www.olx.kz/d/obyavlenie/skotch-optom-optovye-tseny-v-astane-IDnQToW.html",
    "title": "Скотч оптом, оптовые цены в Астане!",
    "price": "100 тг.Договорная",
    "locationDate": "Астана, Сарыаркинский район - Сегодня в 07:31"
  },
  {
    "url": "https://www.olx.kz/d/obyavlenie/uslugi-ekskavator-pogruzchika-3v1-ekskavator-IDodyZD.html",
    "title": "Услуги Экскаватор-погрузчика, 3в1, экскаватор",
    "locationDate": "Каскелен - 10 июня 2024 г."
  },
  {
    "url": "https://www.olx.kz/d/obyavlenie/roll-shtory-den-i-noch-zhalyuzi-turtsiya-IDp1NIe.html",
    "title": "Ролл шторы день и ночь, жалюзи Турция",
    "price": "1 500 тг.",
    "locationDate": "Усть-Каменогорск, 45-я аптека - 11 июня 2024 г."
  },
  {
    "url": "https://www.olx.kz/d/obyavlenie/arzan-deshevo-zapchasti-gazeli-avtozapchasti-na-gazel-aksessuary-gazel-IDoVXSc.html",
    "title": "Арзан дешево запчасти Газели. Автозапчасти на газель. Аксессуары Газел",
    "price": "4 500 тг.",
    "locationDate": "Астана, Сарыаркинский район - Сегодня в 11:50"
  },
  {
    "url": "https://www.olx.kz/d/obyavlenie/stanok-dlya-hoz-myla-IDnH5DA.html",
    "title": "Станок для хоз мыла",
    "price": "550 000 тг.",
    "locationDate": "Алматы, Алмалинский район - Сегодня в 11:50"
  },
  {
    "url": "https://www.olx.kz/d/obyavlenie/antimoskitnaya-setka-baby-safe-zaschita-detey-zaschita-okon-antikoshka-IDo5kgz.html",
    "title": "Антимоскитная сетка Baby Safe, защита детей, защита окон, антикошка",
    "locationDate": "Костанай - Сегодня в 11:50"
  },
  {
    "url": "https://www.olx.kz/d/obyavlenie/interaktivnaya-igrushka-IDp4RQe.html",
    "title": "Интерактивная игрушка",
    "price": "3 000 тг.",
    "locationDate": "Костанай - Сегодня в 11:50"
  },
  {
    "url": "https://www.olx.kz/d/obyavlenie/ustanovka-konditsionera-IDnGYK7.html",
    "title": "Установка кондиционера",
    "locationDate": "Астана, Есильский район - Сегодня в 11:50"
  },
  {
    "url": "https://www.olx.kz/d/obyavlenie/zhalyuzi-roll-shtory-skidka-do-20-den-noch-almata-IDiDDc1.html",
    "title": "Жалюзи ролл шторы СКИДКА ДО 20% день ночь Алмата",
    "price": "2 250 тг.Договорная",
    "locationDate": "Алматы, Бостандыкский район - Сегодня в 11:50"
  },
  {
    "url": "https://www.olx.kz/d/obyavlenie/velosiped-detskiy-v-idealnom-sostoyanie-kop-koldanylmagan-IDp4RQn.html",
    "title": "Велосипед детский в идеальном состояние. Коп колданылмаган.",
    "price": "20 000 тг.",
    "locationDate": "Атакент - Сегодня в 11:50"
  },
  {
    "url": "https://www.olx.kz/obyavlenie/rabota/rabochie-i-shvei-v-shveynyy-tseh-meshkov-IDp4RPj.html",
    "title": "Рабочие и швеи в швейный цех мешков"
  },
  {
    "url": "https://www.olx.kz/d/obyavlenie/naruzhnaya-reklama-banner-vyveska-obemnye-bukvy-laytboks-neon-IDoXjYy.html",
    "title": "Наружная реклама, баннер, вывеска, обьемные буквы, лайтбокс, неон",
    "locationDate": "Астана, Есильский район - Сегодня в 11:50"
  },
  {
    "url": "https://www.olx.kzhttps://olx.pt",
    "title": "Сдается место в аренду под офис , нотариус ,обмен валюты ,ломбард",
    "price": "200 000 тг.",
    "locationDate": "Шымкент, Абайский район - Сегодня в 11:50"
  }
]
[
  {
    "url": "https://www.olx.kz/d/obyavlenie/vyvoz-musora-kruglosutochno-IDog6KU.html",
    "title": "Вывоз мусора круглосуточно",
    "locationDate": "Тараз, 12-мкр. Астана - 10 июня 2024 г."
  },
  {
    "url": "https://www.olx.kz/d/obyavlenie/otdam-schenyat-v-dobrye-ruki-IDoYLGZ.html",
    "title": "Отдам щенят  в добрые руки",
    "price": "Бесплатно",
    "locationDate": "Интернациональное - 12 июня 2024 г."
  },
  {
    "url": "https://www.olx.kz/d/obyavlenie/pamyatniki-madyar-sko-IDp1RKa.html",
    "title": "Памятники  Мадьяр СКО",
    "locationDate": "Петропавловск - 12 июня 2024 г."
  },
  {
    "url": "https://www.olx.kz/d/obyavlenie/letniy-legkiy-tufli-IDp4RQz.html",
    "title": "Летний легкий туфли",
    "price": "28 000 тг.",
    "locationDate": "Костанай - Сегодня в 11:51"
  },
  {
    "url": "https://www.olx.kz/d/obyavlenie/korset-lateksnyy-IDoI3uP.html",
    "title": "Корсет латексный",
    "price": "8 500 тг.",
    "locationDate": "Астана, Есильский район - Сегодня в 11:50"
  },
  {
    "url": "https://www.olx.kz/d/obyavlenie/novyy-teplyy-kombinezon-IDoCR3a.html",
    "title": "Новый теплый комбинезон",
    "price": "10 000 тг.",
    "locationDate": "Каскелен - Сегодня в 11:50"
  },
  {
    "url": "https://www.olx.kz/d/obyavlenie/kolyaska-detskaya-zippi-IDnYXBt.html",
    "title": "Коляска детская Zippi",
    "price": "35 000 тг.",
    "locationDate": "Алматы, Жетысуский район - Сегодня в 11:50"
  },
  {
    "url": "https://www.olx.kz/d/obyavlenie/muzhskoe-palto-IDmY2cc.html",
    "title": "Мужское пальто",
    "price": "19 000 тг.Договорная",
    "locationDate": "Астана, Алматинский район - Сегодня в 11:50"
  },
  {
    "url": "https://www.olx.kz/d/obyavlenie/kaprokozha-material-dlya-obivki-ugolkov-sideniy-poshiv-chehlov-IDm7dMO.html",
    "title": ",,Капрокожа'' материал для обивки уголков,сидений,пошив чехлов.",
    "price": "3 000 тг.",
    "locationDate": "Костанай - Сегодня в 11:50"
  },
  {
    "url": "https://www.olx.kz/d/obyavlenie/prodam-titan-dlya-nagreva-vody-na-tverdom-toplive-mozhno-gaz-novyy-IDoNrgc.html",
    "title": "Продам Титан для нагрева воды на твердом топливе, можно газ (новый)",
    "price": "100 000 тг.Договорная",
    "locationDate": "Алматы, Алатауский район - Сегодня в 11:50"
  },
  {
    "url": "https://www.olx.kz/d/obyavlenie/manikyurnye-pushery-IDj645Z.html",
    "title": "Маникюрные пушеры",
    "price": "1 000 тг.",
    "locationDate": "Астана, Сарыаркинский район - Сегодня в 11:50"
  },
  {
    "url": "https://www.olx.kz/d/obyavlenie/massazher-dlya-nog-IDmSTLQ.html",
    "title": "Массажёр для ног",
    "price": "250 тг.Договорная",
    "locationDate": "Есик - Сегодня в 11:50"
  },
  {
    "url": "https://www.olx.kz/d/obyavlenie/razgruzka-garderoba-IDmImdn.html",
    "title": "Разгрузка гардероба",
    "price": "15 000 тг.",
    "locationDate": "Семей - Сегодня в 11:50"
  },
  {
    "url": "https://www.olx.kz/d/obyavlenie/prodam-zharoch-tg-nyy-shkaf-s-dostavkoy-IDoZrcE.html",
    "title": "Продам  жароч тг ный шкаф  с доставкой.",
    "price": "400 000 тг.",
    "locationDate": "Шымкент, Аль-Фарабийский район - 11 июня 2024 г."
  },
  {
    "url": "https://www.olx.kz/d/obyavlenie/vrach-narkolog-medsestra-vyvod-iz-zapoya-lechenie-alkogolizma-kodirovanie-IDoO1LE.html",
    "title": "Врач нарколог медсестра вывод из запоя лечение алкоголизма кодирование",
    "locationDate": "Талдыкорган, Восточный (9-я площадка) - 12 июня 2024 г."
  },
  {
    "url": "https://www.olx.kz/d/obyavlenie/igrovoy-minipk-i3-10100-n510-1650-4gb-16-ozu-128-ssd-1-tb-hdd-IDoZoj4.html",
    "title": "Игровой миниПК i3 10100,Н510, 1650/4Гб, 16 ОЗУ, 128 ssd+1 Tb HDD",
    "price": "119 999 тг.Договорная",
    "locationDate": "Астана, Есильский район - 11 июня 2024 г."
  },
  {
    "url": "https://www.olx.kz/d/obyavlenie/uyutnaya-1-kom-po-ul-mozhayskogo-3-za-gimnaziey-45-IDoZFn4.html",
    "title": "Уютная 1 ком. по ул.  МОЖАЙСКОГО 3, за гимназией №45\"\"",
    "price": "10 800 000 тг.",
    "locationDate": "Караганда, Казыбекбийский район - Сегодня в 11:50"
  },
  {
    "url": "https://www.olx.kz/d/obyavlenie/1-kom-po-prospektu-buhar-zhyrau-96-naprotiv-novoy-optiki-IDoZFzX.html",
    "title": "1 ком. по проспекту БУХАР ЖЫРАУ 96, напротив новой \"Оптики\"\"",
    "price": "8 500 000 тг.",
    "locationDate": "Караганда, Казыбекбийский район - Сегодня в 11:49"
  },
  {
    "url": "https://www.olx.kz/d/obyavlenie/stolovyy-nabor-zeptor-IDo3r1I.html",
    "title": "Столовый набор Zeptor",
    "price": "10 500 тг.",
    "locationDate": "Алматы, Бостандыкский район - Сегодня в 11:49"
  },
  {
    "url": "https://www.olx.kz/d/obyavlenie/videokarta-amd-rx6500-xt-4gb-IDnXKjv.html",
    "title": "Видеокарта AMD RX6500 XT 4GB",
    "price": "80 900 тг.Договорная",
    "locationDate": "Алматы, Бостандыкский район - Сегодня в 11:49"
  },
  {
    "url": "https://www.olx.kz/d/obyavlenie/prodam-osennyuyu-kurtku-IDndP0C.html",
    "title": "Продам осеннюю куртку",
    "price": "8 000 тг.",
    "locationDate": "Казцик - Сегодня в 11:49"
  },
  {
    "url": "https://www.olx.kz/d/obyavlenie/trusiki-na-devochku-3-sht-IDm9I9M.html",
    "title": "Трусики на девочку 3 шт",
    "price": "2 000 тг.",
    "locationDate": "Алматы, Ауэзовский район - Сегодня в 11:49"
  },
  {
    "url": "https://www.olx.kz/d/obyavlenie/vazochki-dlya-varene-i-morozhenoe-kosshy-lesnaya-polyana-IDo9Ni9.html",
    "title": "Вазочки для варенье и мороженое Косшы Лесная поляна",
    "price": "2 500 тг.",
    "locationDate": "Астана, Есильский район - Сегодня в 11:49"
  },
  {
    "url": "https://www.olx.kz/d/obyavlenie/kurtka-muzhskaya-kozhanaya-IDow5g4.html",
    "title": "куртка мужская кожаная",
    "price": "35 000 тг.Договорная",
    "locationDate": "Караганда, Казыбекбийский район - Сегодня в 11:49"
  },
  {
    "url": "https://www.olx.kz/d/obyavlenie/prodam-beloe-plate-IDmQRmG.html",
    "title": "Продам Белое Платье",
    "price": "8 000 тг.",
    "locationDate": "Уральск, 2-й рабочий - Сегодня в 11:49"
  },
  {
    "url": "https://www.olx.kz/d/obyavlenie/prodam-kozhanye-muzhskie-tufli-42r-frantsiya-per-karden-IDoVdCL.html",
    "title": "Продам кожаные ,мужские туфли 42р. Франция ,Пьер Карден",
    "price": "55 000 тг.Договорная",
    "locationDate": "Павлодар - Сегодня в 11:49"
  },
  {
    "url": "https://www.olx.kz/d/obyavlenie/1-2-kom-baymuhanova-privokzalnaya-wi-fi-sutki-chasy-IDluwgD.html",
    "title": "1-2 ком/Баймуханова-Привокзальная/WI-Fi/Сутки-Часы",
    "price": "8 000 тг.",
    "locationDate": "Атырау, Привокзальный - 12 июня 2024 г."
  },
  {
    "url": "https://www.olx.kz/d/obyavlenie/chistka-forsunok-moyka-forsunok-promyvka-forsunok-IDmxaSQ.html",
    "title": "Чистка форсунок мойка форсунок промывка форсунок",
    "locationDate": "Павлодар - 08 июня 2024 г."
  },
  {
    "url": "https://www.olx.kz/d/obyavlenie/zapchasti-na-gazel-deshevle-orginalnye-ofitsialnyy-diler-gaz-gaz-IDoWGKp.html",
    "title": "Запчасти на газель дешевле. Оргинальные. Официальный дилер \"\"ГАЗ\" ГАЗ",
    "price": "2 000 тг.",
    "locationDate": "Астана, Есильский район - Сегодня в 07:42"
  },
  {
    "url": "https://www.olx.kz/d/obyavlenie/router-deco-IDnLjIz.html",
    "title": "Роутер DECO",
    "price": "26 000 тг.",
    "locationDate": "Актау, 1 - Сегодня в 11:49"
  },
  {
    "url": "https://www.olx.kz/d/obyavlenie/armeyskiy-krovat-dvuhyarusnaya-krovat-IDlLoXK.html",
    "title": "Армейский кровать двухъярусная кровать",
    "price": "37 000 тг.Договорная",
    "locationDate": "Атырау, Авангард - Сегодня в 11:49"
  },
  {
    "url": "https://www.olx.kz/d/obyavlenie/prodam-shikarnoe-i-eksklyuzivnoe-plate-dlya-osobogo-dnya-IDiW4Qa.html",
    "title": "Продам шикарное и эксклюзивное платье для особого дня",
    "price": "60 000 тг.Договорная",
    "locationDate": "Актобе, Старый город - Сегодня в 11:49"
  },
  {
    "url": "https://www.olx.kz/d/obyavlenie/sportivka-kazahstan-IDixXQ2.html",
    "title": "Спортивка Казахстан",
    "price": "22 500 тг.",
    "locationDate": "Актау, 1 - Сегодня в 11:49"
  },
  {
    "url": "https://www.olx.kz/d/obyavlenie/remont-televizorov-IDmjiEg.html",
    "title": "Ремонт телевизоров",
    "locationDate": "Мунайшы - Сегодня в 11:49"
  },
  {
    "url": "https://www.olx.kz/d/obyavlenie/srochno-v-svyazi-s-pereezdom-IDm2xtP.html",
    "title": "Срочно! В связи с переездом!",
    "price": "15 000 тг.",
    "locationDate": "Тараз, 4-мкр. Салтанат - Сегодня в 11:49"
  },
  {
    "url": "https://www.olx.kz/d/obyavlenie/maykuduk-sdayu-kvartiry-IDoIapu.html",
    "title": "Майкудук сдаю квартиры",
    "price": "7 000 тг.",
    "locationDate": "Караганда, Октябрьский район - Сегодня в 11:49"
  },
  {
    "url": "https://www.olx.kz/d/obyavlenie/shkatulka-dlya-ukrasheniy-IDolSiL.html",
    "title": "Шкатулка для украшений",
    "price": "5 500 тг.",
    "locationDate": "Мангистау - Сегодня в 11:49"
  },
  {
    "url": "https://www.olx.kz/d/obyavlenie/passat-b3-universal-IDoTtMR.html",
    "title": "Пассат б3 универсал",
    "price": "550 000 тг.",
    "locationDate": "Конаев (Капчагай) - Сегодня в 11:49"
  },
  {
    "url": "https://www.olx.kz/d/obyavlenie/rubashka-mvd-rk-poradnaya-IDos22m.html",
    "title": "Рубашка мвд рк порадная",
    "price": "5 000 тг.",
    "locationDate": "Валиханово - Сегодня в 11:49"
  },
  {
    "url": "https://www.olx.kz/d/obyavlenie/elektricheskie-raboty-s-garantiey-IDp2pgy.html",
    "title": "Электрические работы с Гарантией",
    "locationDate": "Алматы, Алатауский район - Сегодня в 06:12"
  },
  {
    "url": "https://www.olx.kz/d/obyavlenie/sendvich-paneli-tseny-ot-zavoda-IDoKoLX.html",
    "title": "Сэндвич-панели. ЦЕНЫ ОТ ЗАВОДА",
    "price": "12 700 тг.Договорная",
    "locationDate": "Алматы, Жетысуский район - Сегодня в 04:09"
  },
  {
    "url": "https://www.olx.kz/d/obyavlenie/otlichnyy-razdvizhnoy-divan-v-otlichnom-sostoyanii-IDp3gz4.html",
    "title": "Отличный раздвижной диван в отличном состоянии",
    "price": "85 000 тг.",
    "locationDate": "Петропавловск - 12 июня 2024 г."
  },
  {
    "url": "https://www.olx.kz/d/obyavlenie/klaviatura-hyper-x-alloy-origins-core-IDo9NiC.html",
    "title": "Клавиатура Hyper X alloy origins core",
    "price": "40 000 тг.",
    "locationDate": "Алматы, Медеуский район - Сегодня в 11:49"
  },
  {
    "url": "https://www.olx.kz/d/obyavlenie/fotoshop-redaktirovanie-sdelaem-vse-24-7-shymkent-IDo3HxO.html",
    "title": "Фотошоп редактирование Сделаем все 24/7 Шымкент",
    "price": "500 тг.",
    "locationDate": "Шымкент, Абайский район - Сегодня в 11:49"
  },
  {
    "url": "https://www.olx.kz/d/obyavlenie/yaytso-inkubatsionnoe-kurinnoe-IDnOIs3.html",
    "title": "Яйцо инкубационное куринное",
    "price": "200 тг.",
    "locationDate": "Щучинск - Сегодня в 11:49"
  },
  {
    "url": "https://www.olx.kz/d/obyavlenie/prodam-zimnie-puhoviki-17000tg-IDmwSnI.html",
    "title": "Продам зимние пуховики 17000тг",
    "price": "17 000 тг.",
    "locationDate": "Павлодар - Сегодня в 11:49"
  },
  {
    "url": "https://www.olx.kz/d/obyavlenie/mitsubishi-delica-1995goda-IDmehFC.html",
    "title": "Mitsubishi Delica 1995 года",
    "price": "4 100 000 тг.",
    "locationDate": "Атырау, Авангард - Сегодня в 11:49"
  },
  {
    "url": "https://www.olx.kzhttp://applecity.olx.kz",
    "title": "Эксклюзивный торговый агент (Jacobs, Carte Noire, LOR)"
  },
  {
    "url": "https://www.olx.kz/d/obyavlenie/domiki-v-borovoe-burabay-IDp4roO.html",
    "title": "Домики в Боровое (Бурабай)",
    "price": "25 000 тг.",
    "locationDate": "Астана, Есильский район - Сегодня в 11:49"
  },
  {
    "url": "https://www.olx.kz/d/obyavlenie/uslugi-avtovyshki-agp-22teleskop-i-kolenchatye-IDmaiwu.html",
    "title": "Услуги автовышки.Агп-22телескоп и коленчатые",
    "locationDate": "Актобе, Все - Сегодня в 11:49"
  },
  {
    "url": "https://www.olx.kz/d/obyavlenie/uteplitel-isover-venti-optimal-plotnost-80-kg-m3-otlichnoe-kachestvo-IDnZGHC.html",
    "title": "Утеплитель Isover Венти Оптимал плотность 80 кг/м3 Отличное качество",
    "price": "6 300 тг.",
    "locationDate": "Петропавловск - Сегодня в 11:49"
  },
  {
    "url": "https://www.olx.kzhttps://olx.pt",
    "title": "Трактор Т40 сатылады",
    "price": "1 000 000 тг.Договорная",
    "locationDate": "Жезказган - Сегодня в 11:49"
  }
]
